Terminaux inutilisés dans la grammaire

   tVOID
   tRETURN
   tCOMMA
   tPRINTF
   tQUOTE
   tTRUC


État 43 conflits: 1 décalage/réduction


Grammaire

    0 $accept: start $end

    1 start: tINTEGER tMAIN tBEGIN_PARENTHESIS tEND_PARENTHESIS Body

    2 Body: tBEGIN_BLOCK Instrs tEND_BLOCK

    3 Instrs: Instr Instrs
    4       | Block Instrs
    5       | %empty

    6 Instr: Definition tEND_OF_INSTRUCTION
    7      | Assignment tEND_OF_INSTRUCTION
    8      | tEND_OF_INSTRUCTION

    9 Block: If
   10      | While
   11      | For

   12 Prefix: Type
   13       | tCONSTANT Type

   14 Type: tINTEGER
   15     | tCHAR
   16     | tSTRING

   17 Definition: Prefix tID
   18           | Prefix Assignment

   19 Assignment: tID tASSIGN Expr

   20 Assignment_sugar: tID tPLUS tPLUS
   21                 | tID tMINUS tMINUS

   22 For: tFOR tBEGIN_PARENTHESIS Assignment tEND_OF_INSTRUCTION Expr tEND_OF_INSTRUCTION Assignment tEND_PARENTHESIS Body
   23    | tFOR tBEGIN_PARENTHESIS Assignment Expr tEND_OF_INSTRUCTION Assignment_sugar tEND_PARENTHESIS Body

   24 If: tIF tBEGIN_PARENTHESIS Expr tEND_PARENTHESIS Body
   25   | tIF tBEGIN_PARENTHESIS Expr tEND_PARENTHESIS Body tELSE Body

   26 While: tWHILE tBEGIN_PARENTHESIS Expr tEND_PARENTHESIS Body

   27 Expr: tNUMBER
   28     | tMINUS tNUMBER
   29     | tID
   30     | Expr tPLUS Expr
   31     | Expr tMINUS Expr
   32     | Expr tMULTIPLY Expr
   33     | Expr tDIVIDE Expr
   34     | Expr tGT Expr
   35     | Expr tGTE Expr
   36     | Expr tLT Expr
   37     | Expr tLTE Expr
   38     | Expr tEQUALITY Expr


Terminaux, suivis des règles où ils apparaissent

$end (0) 0
error (256)
tINTEGER (258) 1 14
tCONSTANT (259) 13
tCHAR (260) 15
tSTRING (261) 16
tNUMBER (262) 27 28
tID (263) 17 19 20 21 29
tVOID (264)
tIF (265) 24 25
tELSE (266) 25
tWHILE (267) 26
tFOR (268) 22 23
tMAIN (269) 1
tRETURN (270)
tCOMMA (271)
tBEGIN_PARENTHESIS (272) 1 22 23 24 25 26
tEND_PARENTHESIS (273) 1 22 23 24 25 26
tBEGIN_BLOCK (274) 2
tEND_BLOCK (275) 2
tEND_OF_INSTRUCTION (276) 6 7 8 22 23
tPRINTF (277)
tQUOTE (278)
tPLUS (279) 20 30
tMINUS (280) 21 28 31
tMULTIPLY (281) 32
tDIVIDE (282) 33
tASSIGN (283) 19
tGT (284) 34
tGTE (285) 35
tLT (286) 36
tLTE (287) 37
tEQUALITY (288) 38
tTRUC (289)


Non-terminaux, suivis des règles où ils apparaissent

$accept (35)
    à gauche: 0
start (36)
    à gauche: 1, à droite: 0
Body (37)
    à gauche: 2, à droite: 1 22 23 24 25 26
Instrs (38)
    à gauche: 3 4 5, à droite: 2 3 4
Instr (39)
    à gauche: 6 7 8, à droite: 3
Block (40)
    à gauche: 9 10 11, à droite: 4
Prefix (41)
    à gauche: 12 13, à droite: 17 18
Type (42)
    à gauche: 14 15 16, à droite: 12 13
Definition (43)
    à gauche: 17 18, à droite: 6
Assignment (44)
    à gauche: 19, à droite: 7 18 22 23
Assignment_sugar (45)
    à gauche: 20 21, à droite: 23
For (46)
    à gauche: 22 23, à droite: 11
If (47)
    à gauche: 24 25, à droite: 9
While (48)
    à gauche: 26, à droite: 10
Expr (49)
    à gauche: 27 28 29 30 31 32 33 34 35 36 37 38, à droite: 19 22
    23 24 25 26 30 31 32 33 34 35 36 37 38


État 0

    0 $accept: . start $end

    tINTEGER  décalage et aller à l'état 1

    start  aller à l'état 2


État 1

    1 start: tINTEGER . tMAIN tBEGIN_PARENTHESIS tEND_PARENTHESIS Body

    tMAIN  décalage et aller à l'état 3


État 2

    0 $accept: start . $end

    $end  décalage et aller à l'état 4


État 3

    1 start: tINTEGER tMAIN . tBEGIN_PARENTHESIS tEND_PARENTHESIS Body

    tBEGIN_PARENTHESIS  décalage et aller à l'état 5


État 4

    0 $accept: start $end .

    $défaut  accepter


État 5

    1 start: tINTEGER tMAIN tBEGIN_PARENTHESIS . tEND_PARENTHESIS Body

    tEND_PARENTHESIS  décalage et aller à l'état 6


État 6

    1 start: tINTEGER tMAIN tBEGIN_PARENTHESIS tEND_PARENTHESIS . Body

    tBEGIN_BLOCK  décalage et aller à l'état 7

    Body  aller à l'état 8


État 7

    2 Body: tBEGIN_BLOCK . Instrs tEND_BLOCK

    tINTEGER             décalage et aller à l'état 9
    tCONSTANT            décalage et aller à l'état 10
    tCHAR                décalage et aller à l'état 11
    tSTRING              décalage et aller à l'état 12
    tID                  décalage et aller à l'état 13
    tIF                  décalage et aller à l'état 14
    tWHILE               décalage et aller à l'état 15
    tFOR                 décalage et aller à l'état 16
    tEND_OF_INSTRUCTION  décalage et aller à l'état 17

    $défaut  réduction par utilisation de la règle 5 (Instrs)

    Instrs      aller à l'état 18
    Instr       aller à l'état 19
    Block       aller à l'état 20
    Prefix      aller à l'état 21
    Type        aller à l'état 22
    Definition  aller à l'état 23
    Assignment  aller à l'état 24
    For         aller à l'état 25
    If          aller à l'état 26
    While       aller à l'état 27


État 8

    1 start: tINTEGER tMAIN tBEGIN_PARENTHESIS tEND_PARENTHESIS Body .

    $défaut  réduction par utilisation de la règle 1 (start)


État 9

   14 Type: tINTEGER .

    $défaut  réduction par utilisation de la règle 14 (Type)


État 10

   13 Prefix: tCONSTANT . Type

    tINTEGER  décalage et aller à l'état 9
    tCHAR     décalage et aller à l'état 11
    tSTRING   décalage et aller à l'état 12

    Type  aller à l'état 28


État 11

   15 Type: tCHAR .

    $défaut  réduction par utilisation de la règle 15 (Type)


État 12

   16 Type: tSTRING .

    $défaut  réduction par utilisation de la règle 16 (Type)


État 13

   19 Assignment: tID . tASSIGN Expr

    tASSIGN  décalage et aller à l'état 29


État 14

   24 If: tIF . tBEGIN_PARENTHESIS Expr tEND_PARENTHESIS Body
   25   | tIF . tBEGIN_PARENTHESIS Expr tEND_PARENTHESIS Body tELSE Body

    tBEGIN_PARENTHESIS  décalage et aller à l'état 30


État 15

   26 While: tWHILE . tBEGIN_PARENTHESIS Expr tEND_PARENTHESIS Body

    tBEGIN_PARENTHESIS  décalage et aller à l'état 31


État 16

   22 For: tFOR . tBEGIN_PARENTHESIS Assignment tEND_OF_INSTRUCTION Expr tEND_OF_INSTRUCTION Assignment tEND_PARENTHESIS Body
   23    | tFOR . tBEGIN_PARENTHESIS Assignment Expr tEND_OF_INSTRUCTION Assignment_sugar tEND_PARENTHESIS Body

    tBEGIN_PARENTHESIS  décalage et aller à l'état 32


État 17

    8 Instr: tEND_OF_INSTRUCTION .

    $défaut  réduction par utilisation de la règle 8 (Instr)


État 18

    2 Body: tBEGIN_BLOCK Instrs . tEND_BLOCK

    tEND_BLOCK  décalage et aller à l'état 33


État 19

    3 Instrs: Instr . Instrs

    tINTEGER             décalage et aller à l'état 9
    tCONSTANT            décalage et aller à l'état 10
    tCHAR                décalage et aller à l'état 11
    tSTRING              décalage et aller à l'état 12
    tID                  décalage et aller à l'état 13
    tIF                  décalage et aller à l'état 14
    tWHILE               décalage et aller à l'état 15
    tFOR                 décalage et aller à l'état 16
    tEND_OF_INSTRUCTION  décalage et aller à l'état 17

    $défaut  réduction par utilisation de la règle 5 (Instrs)

    Instrs      aller à l'état 34
    Instr       aller à l'état 19
    Block       aller à l'état 20
    Prefix      aller à l'état 21
    Type        aller à l'état 22
    Definition  aller à l'état 23
    Assignment  aller à l'état 24
    For         aller à l'état 25
    If          aller à l'état 26
    While       aller à l'état 27


État 20

    4 Instrs: Block . Instrs

    tINTEGER             décalage et aller à l'état 9
    tCONSTANT            décalage et aller à l'état 10
    tCHAR                décalage et aller à l'état 11
    tSTRING              décalage et aller à l'état 12
    tID                  décalage et aller à l'état 13
    tIF                  décalage et aller à l'état 14
    tWHILE               décalage et aller à l'état 15
    tFOR                 décalage et aller à l'état 16
    tEND_OF_INSTRUCTION  décalage et aller à l'état 17

    $défaut  réduction par utilisation de la règle 5 (Instrs)

    Instrs      aller à l'état 35
    Instr       aller à l'état 19
    Block       aller à l'état 20
    Prefix      aller à l'état 21
    Type        aller à l'état 22
    Definition  aller à l'état 23
    Assignment  aller à l'état 24
    For         aller à l'état 25
    If          aller à l'état 26
    While       aller à l'état 27


État 21

   17 Definition: Prefix . tID
   18           | Prefix . Assignment

    tID  décalage et aller à l'état 36

    Assignment  aller à l'état 37


État 22

   12 Prefix: Type .

    $défaut  réduction par utilisation de la règle 12 (Prefix)


État 23

    6 Instr: Definition . tEND_OF_INSTRUCTION

    tEND_OF_INSTRUCTION  décalage et aller à l'état 38


État 24

    7 Instr: Assignment . tEND_OF_INSTRUCTION

    tEND_OF_INSTRUCTION  décalage et aller à l'état 39


État 25

   11 Block: For .

    $défaut  réduction par utilisation de la règle 11 (Block)


État 26

    9 Block: If .

    $défaut  réduction par utilisation de la règle 9 (Block)


État 27

   10 Block: While .

    $défaut  réduction par utilisation de la règle 10 (Block)


État 28

   13 Prefix: tCONSTANT Type .

    $défaut  réduction par utilisation de la règle 13 (Prefix)


État 29

   19 Assignment: tID tASSIGN . Expr

    tNUMBER  décalage et aller à l'état 40
    tID      décalage et aller à l'état 41
    tMINUS   décalage et aller à l'état 42

    Expr  aller à l'état 43


État 30

   24 If: tIF tBEGIN_PARENTHESIS . Expr tEND_PARENTHESIS Body
   25   | tIF tBEGIN_PARENTHESIS . Expr tEND_PARENTHESIS Body tELSE Body

    tNUMBER  décalage et aller à l'état 40
    tID      décalage et aller à l'état 41
    tMINUS   décalage et aller à l'état 42

    Expr  aller à l'état 44


État 31

   26 While: tWHILE tBEGIN_PARENTHESIS . Expr tEND_PARENTHESIS Body

    tNUMBER  décalage et aller à l'état 40
    tID      décalage et aller à l'état 41
    tMINUS   décalage et aller à l'état 42

    Expr  aller à l'état 45


État 32

   22 For: tFOR tBEGIN_PARENTHESIS . Assignment tEND_OF_INSTRUCTION Expr tEND_OF_INSTRUCTION Assignment tEND_PARENTHESIS Body
   23    | tFOR tBEGIN_PARENTHESIS . Assignment Expr tEND_OF_INSTRUCTION Assignment_sugar tEND_PARENTHESIS Body

    tID  décalage et aller à l'état 13

    Assignment  aller à l'état 46


État 33

    2 Body: tBEGIN_BLOCK Instrs tEND_BLOCK .

    $défaut  réduction par utilisation de la règle 2 (Body)


État 34

    3 Instrs: Instr Instrs .

    $défaut  réduction par utilisation de la règle 3 (Instrs)


État 35

    4 Instrs: Block Instrs .

    $défaut  réduction par utilisation de la règle 4 (Instrs)


État 36

   17 Definition: Prefix tID .
   19 Assignment: tID . tASSIGN Expr

    tASSIGN  décalage et aller à l'état 29

    $défaut  réduction par utilisation de la règle 17 (Definition)


État 37

   18 Definition: Prefix Assignment .

    $défaut  réduction par utilisation de la règle 18 (Definition)


État 38

    6 Instr: Definition tEND_OF_INSTRUCTION .

    $défaut  réduction par utilisation de la règle 6 (Instr)


État 39

    7 Instr: Assignment tEND_OF_INSTRUCTION .

    $défaut  réduction par utilisation de la règle 7 (Instr)


État 40

   27 Expr: tNUMBER .

    $défaut  réduction par utilisation de la règle 27 (Expr)


État 41

   29 Expr: tID .

    $défaut  réduction par utilisation de la règle 29 (Expr)


État 42

   28 Expr: tMINUS . tNUMBER

    tNUMBER  décalage et aller à l'état 47


État 43

   19 Assignment: tID tASSIGN Expr .
   30 Expr: Expr . tPLUS Expr
   31     | Expr . tMINUS Expr
   32     | Expr . tMULTIPLY Expr
   33     | Expr . tDIVIDE Expr
   34     | Expr . tGT Expr
   35     | Expr . tGTE Expr
   36     | Expr . tLT Expr
   37     | Expr . tLTE Expr
   38     | Expr . tEQUALITY Expr

    tPLUS      décalage et aller à l'état 48
    tMINUS     décalage et aller à l'état 49
    tMULTIPLY  décalage et aller à l'état 50
    tDIVIDE    décalage et aller à l'état 51
    tGT        décalage et aller à l'état 52
    tGTE       décalage et aller à l'état 53
    tLT        décalage et aller à l'état 54
    tLTE       décalage et aller à l'état 55
    tEQUALITY  décalage et aller à l'état 56

    tMINUS    [réduction par utilisation de la règle 19 (Assignment)]
    $défaut  réduction par utilisation de la règle 19 (Assignment)


État 44

   24 If: tIF tBEGIN_PARENTHESIS Expr . tEND_PARENTHESIS Body
   25   | tIF tBEGIN_PARENTHESIS Expr . tEND_PARENTHESIS Body tELSE Body
   30 Expr: Expr . tPLUS Expr
   31     | Expr . tMINUS Expr
   32     | Expr . tMULTIPLY Expr
   33     | Expr . tDIVIDE Expr
   34     | Expr . tGT Expr
   35     | Expr . tGTE Expr
   36     | Expr . tLT Expr
   37     | Expr . tLTE Expr
   38     | Expr . tEQUALITY Expr

    tEND_PARENTHESIS  décalage et aller à l'état 57
    tPLUS             décalage et aller à l'état 48
    tMINUS            décalage et aller à l'état 49
    tMULTIPLY         décalage et aller à l'état 50
    tDIVIDE           décalage et aller à l'état 51
    tGT               décalage et aller à l'état 52
    tGTE              décalage et aller à l'état 53
    tLT               décalage et aller à l'état 54
    tLTE              décalage et aller à l'état 55
    tEQUALITY         décalage et aller à l'état 56


État 45

   26 While: tWHILE tBEGIN_PARENTHESIS Expr . tEND_PARENTHESIS Body
   30 Expr: Expr . tPLUS Expr
   31     | Expr . tMINUS Expr
   32     | Expr . tMULTIPLY Expr
   33     | Expr . tDIVIDE Expr
   34     | Expr . tGT Expr
   35     | Expr . tGTE Expr
   36     | Expr . tLT Expr
   37     | Expr . tLTE Expr
   38     | Expr . tEQUALITY Expr

    tEND_PARENTHESIS  décalage et aller à l'état 58
    tPLUS             décalage et aller à l'état 48
    tMINUS            décalage et aller à l'état 49
    tMULTIPLY         décalage et aller à l'état 50
    tDIVIDE           décalage et aller à l'état 51
    tGT               décalage et aller à l'état 52
    tGTE              décalage et aller à l'état 53
    tLT               décalage et aller à l'état 54
    tLTE              décalage et aller à l'état 55
    tEQUALITY         décalage et aller à l'état 56


État 46

   22 For: tFOR tBEGIN_PARENTHESIS Assignment . tEND_OF_INSTRUCTION Expr tEND_OF_INSTRUCTION Assignment tEND_PARENTHESIS Body
   23    | tFOR tBEGIN_PARENTHESIS Assignment . Expr tEND_OF_INSTRUCTION Assignment_sugar tEND_PARENTHESIS Body

    tNUMBER              décalage et aller à l'état 40
    tID                  décalage et aller à l'état 41
    tEND_OF_INSTRUCTION  décalage et aller à l'état 59
    tMINUS               décalage et aller à l'état 42

    Expr  aller à l'état 60


État 47

   28 Expr: tMINUS tNUMBER .

    $défaut  réduction par utilisation de la règle 28 (Expr)


État 48

   30 Expr: Expr tPLUS . Expr

    tNUMBER  décalage et aller à l'état 40
    tID      décalage et aller à l'état 41
    tMINUS   décalage et aller à l'état 42

    Expr  aller à l'état 61


État 49

   31 Expr: Expr tMINUS . Expr

    tNUMBER  décalage et aller à l'état 40
    tID      décalage et aller à l'état 41
    tMINUS   décalage et aller à l'état 42

    Expr  aller à l'état 62


État 50

   32 Expr: Expr tMULTIPLY . Expr

    tNUMBER  décalage et aller à l'état 40
    tID      décalage et aller à l'état 41
    tMINUS   décalage et aller à l'état 42

    Expr  aller à l'état 63


État 51

   33 Expr: Expr tDIVIDE . Expr

    tNUMBER  décalage et aller à l'état 40
    tID      décalage et aller à l'état 41
    tMINUS   décalage et aller à l'état 42

    Expr  aller à l'état 64


État 52

   34 Expr: Expr tGT . Expr

    tNUMBER  décalage et aller à l'état 40
    tID      décalage et aller à l'état 41
    tMINUS   décalage et aller à l'état 42

    Expr  aller à l'état 65


État 53

   35 Expr: Expr tGTE . Expr

    tNUMBER  décalage et aller à l'état 40
    tID      décalage et aller à l'état 41
    tMINUS   décalage et aller à l'état 42

    Expr  aller à l'état 66


État 54

   36 Expr: Expr tLT . Expr

    tNUMBER  décalage et aller à l'état 40
    tID      décalage et aller à l'état 41
    tMINUS   décalage et aller à l'état 42

    Expr  aller à l'état 67


État 55

   37 Expr: Expr tLTE . Expr

    tNUMBER  décalage et aller à l'état 40
    tID      décalage et aller à l'état 41
    tMINUS   décalage et aller à l'état 42

    Expr  aller à l'état 68


État 56

   38 Expr: Expr tEQUALITY . Expr

    tNUMBER  décalage et aller à l'état 40
    tID      décalage et aller à l'état 41
    tMINUS   décalage et aller à l'état 42

    Expr  aller à l'état 69


État 57

   24 If: tIF tBEGIN_PARENTHESIS Expr tEND_PARENTHESIS . Body
   25   | tIF tBEGIN_PARENTHESIS Expr tEND_PARENTHESIS . Body tELSE Body

    tBEGIN_BLOCK  décalage et aller à l'état 7

    Body  aller à l'état 70


État 58

   26 While: tWHILE tBEGIN_PARENTHESIS Expr tEND_PARENTHESIS . Body

    tBEGIN_BLOCK  décalage et aller à l'état 7

    Body  aller à l'état 71


État 59

   22 For: tFOR tBEGIN_PARENTHESIS Assignment tEND_OF_INSTRUCTION . Expr tEND_OF_INSTRUCTION Assignment tEND_PARENTHESIS Body

    tNUMBER  décalage et aller à l'état 40
    tID      décalage et aller à l'état 41
    tMINUS   décalage et aller à l'état 42

    Expr  aller à l'état 72


État 60

   23 For: tFOR tBEGIN_PARENTHESIS Assignment Expr . tEND_OF_INSTRUCTION Assignment_sugar tEND_PARENTHESIS Body
   30 Expr: Expr . tPLUS Expr
   31     | Expr . tMINUS Expr
   32     | Expr . tMULTIPLY Expr
   33     | Expr . tDIVIDE Expr
   34     | Expr . tGT Expr
   35     | Expr . tGTE Expr
   36     | Expr . tLT Expr
   37     | Expr . tLTE Expr
   38     | Expr . tEQUALITY Expr

    tEND_OF_INSTRUCTION  décalage et aller à l'état 73
    tPLUS                décalage et aller à l'état 48
    tMINUS               décalage et aller à l'état 49
    tMULTIPLY            décalage et aller à l'état 50
    tDIVIDE              décalage et aller à l'état 51
    tGT                  décalage et aller à l'état 52
    tGTE                 décalage et aller à l'état 53
    tLT                  décalage et aller à l'état 54
    tLTE                 décalage et aller à l'état 55
    tEQUALITY            décalage et aller à l'état 56


État 61

   30 Expr: Expr . tPLUS Expr
   30     | Expr tPLUS Expr .
   31     | Expr . tMINUS Expr
   32     | Expr . tMULTIPLY Expr
   33     | Expr . tDIVIDE Expr
   34     | Expr . tGT Expr
   35     | Expr . tGTE Expr
   36     | Expr . tLT Expr
   37     | Expr . tLTE Expr
   38     | Expr . tEQUALITY Expr

    tMULTIPLY  décalage et aller à l'état 50
    tDIVIDE    décalage et aller à l'état 51
    tGT        décalage et aller à l'état 52
    tGTE       décalage et aller à l'état 53
    tLT        décalage et aller à l'état 54
    tLTE       décalage et aller à l'état 55
    tEQUALITY  décalage et aller à l'état 56

    $défaut  réduction par utilisation de la règle 30 (Expr)


État 62

   30 Expr: Expr . tPLUS Expr
   31     | Expr . tMINUS Expr
   31     | Expr tMINUS Expr .
   32     | Expr . tMULTIPLY Expr
   33     | Expr . tDIVIDE Expr
   34     | Expr . tGT Expr
   35     | Expr . tGTE Expr
   36     | Expr . tLT Expr
   37     | Expr . tLTE Expr
   38     | Expr . tEQUALITY Expr

    tMULTIPLY  décalage et aller à l'état 50
    tDIVIDE    décalage et aller à l'état 51
    tGT        décalage et aller à l'état 52
    tGTE       décalage et aller à l'état 53
    tLT        décalage et aller à l'état 54
    tLTE       décalage et aller à l'état 55
    tEQUALITY  décalage et aller à l'état 56

    $défaut  réduction par utilisation de la règle 31 (Expr)


État 63

   30 Expr: Expr . tPLUS Expr
   31     | Expr . tMINUS Expr
   32     | Expr . tMULTIPLY Expr
   32     | Expr tMULTIPLY Expr .
   33     | Expr . tDIVIDE Expr
   34     | Expr . tGT Expr
   35     | Expr . tGTE Expr
   36     | Expr . tLT Expr
   37     | Expr . tLTE Expr
   38     | Expr . tEQUALITY Expr

    tGT        décalage et aller à l'état 52
    tGTE       décalage et aller à l'état 53
    tLT        décalage et aller à l'état 54
    tLTE       décalage et aller à l'état 55
    tEQUALITY  décalage et aller à l'état 56

    $défaut  réduction par utilisation de la règle 32 (Expr)


État 64

   30 Expr: Expr . tPLUS Expr
   31     | Expr . tMINUS Expr
   32     | Expr . tMULTIPLY Expr
   33     | Expr . tDIVIDE Expr
   33     | Expr tDIVIDE Expr .
   34     | Expr . tGT Expr
   35     | Expr . tGTE Expr
   36     | Expr . tLT Expr
   37     | Expr . tLTE Expr
   38     | Expr . tEQUALITY Expr

    tGT        décalage et aller à l'état 52
    tGTE       décalage et aller à l'état 53
    tLT        décalage et aller à l'état 54
    tLTE       décalage et aller à l'état 55
    tEQUALITY  décalage et aller à l'état 56

    $défaut  réduction par utilisation de la règle 33 (Expr)


État 65

   30 Expr: Expr . tPLUS Expr
   31     | Expr . tMINUS Expr
   32     | Expr . tMULTIPLY Expr
   33     | Expr . tDIVIDE Expr
   34     | Expr . tGT Expr
   34     | Expr tGT Expr .
   35     | Expr . tGTE Expr
   36     | Expr . tLT Expr
   37     | Expr . tLTE Expr
   38     | Expr . tEQUALITY Expr

    $défaut  réduction par utilisation de la règle 34 (Expr)


État 66

   30 Expr: Expr . tPLUS Expr
   31     | Expr . tMINUS Expr
   32     | Expr . tMULTIPLY Expr
   33     | Expr . tDIVIDE Expr
   34     | Expr . tGT Expr
   35     | Expr . tGTE Expr
   35     | Expr tGTE Expr .
   36     | Expr . tLT Expr
   37     | Expr . tLTE Expr
   38     | Expr . tEQUALITY Expr

    $défaut  réduction par utilisation de la règle 35 (Expr)


État 67

   30 Expr: Expr . tPLUS Expr
   31     | Expr . tMINUS Expr
   32     | Expr . tMULTIPLY Expr
   33     | Expr . tDIVIDE Expr
   34     | Expr . tGT Expr
   35     | Expr . tGTE Expr
   36     | Expr . tLT Expr
   36     | Expr tLT Expr .
   37     | Expr . tLTE Expr
   38     | Expr . tEQUALITY Expr

    $défaut  réduction par utilisation de la règle 36 (Expr)


État 68

   30 Expr: Expr . tPLUS Expr
   31     | Expr . tMINUS Expr
   32     | Expr . tMULTIPLY Expr
   33     | Expr . tDIVIDE Expr
   34     | Expr . tGT Expr
   35     | Expr . tGTE Expr
   36     | Expr . tLT Expr
   37     | Expr . tLTE Expr
   37     | Expr tLTE Expr .
   38     | Expr . tEQUALITY Expr

    $défaut  réduction par utilisation de la règle 37 (Expr)


État 69

   30 Expr: Expr . tPLUS Expr
   31     | Expr . tMINUS Expr
   32     | Expr . tMULTIPLY Expr
   33     | Expr . tDIVIDE Expr
   34     | Expr . tGT Expr
   35     | Expr . tGTE Expr
   36     | Expr . tLT Expr
   37     | Expr . tLTE Expr
   38     | Expr . tEQUALITY Expr
   38     | Expr tEQUALITY Expr .

    $défaut  réduction par utilisation de la règle 38 (Expr)


État 70

   24 If: tIF tBEGIN_PARENTHESIS Expr tEND_PARENTHESIS Body .
   25   | tIF tBEGIN_PARENTHESIS Expr tEND_PARENTHESIS Body . tELSE Body

    tELSE  décalage et aller à l'état 74

    $défaut  réduction par utilisation de la règle 24 (If)


État 71

   26 While: tWHILE tBEGIN_PARENTHESIS Expr tEND_PARENTHESIS Body .

    $défaut  réduction par utilisation de la règle 26 (While)


État 72

   22 For: tFOR tBEGIN_PARENTHESIS Assignment tEND_OF_INSTRUCTION Expr . tEND_OF_INSTRUCTION Assignment tEND_PARENTHESIS Body
   30 Expr: Expr . tPLUS Expr
   31     | Expr . tMINUS Expr
   32     | Expr . tMULTIPLY Expr
   33     | Expr . tDIVIDE Expr
   34     | Expr . tGT Expr
   35     | Expr . tGTE Expr
   36     | Expr . tLT Expr
   37     | Expr . tLTE Expr
   38     | Expr . tEQUALITY Expr

    tEND_OF_INSTRUCTION  décalage et aller à l'état 75
    tPLUS                décalage et aller à l'état 48
    tMINUS               décalage et aller à l'état 49
    tMULTIPLY            décalage et aller à l'état 50
    tDIVIDE              décalage et aller à l'état 51
    tGT                  décalage et aller à l'état 52
    tGTE                 décalage et aller à l'état 53
    tLT                  décalage et aller à l'état 54
    tLTE                 décalage et aller à l'état 55
    tEQUALITY            décalage et aller à l'état 56


État 73

   23 For: tFOR tBEGIN_PARENTHESIS Assignment Expr tEND_OF_INSTRUCTION . Assignment_sugar tEND_PARENTHESIS Body

    tID  décalage et aller à l'état 76

    Assignment_sugar  aller à l'état 77


État 74

   25 If: tIF tBEGIN_PARENTHESIS Expr tEND_PARENTHESIS Body tELSE . Body

    tBEGIN_BLOCK  décalage et aller à l'état 7

    Body  aller à l'état 78


État 75

   22 For: tFOR tBEGIN_PARENTHESIS Assignment tEND_OF_INSTRUCTION Expr tEND_OF_INSTRUCTION . Assignment tEND_PARENTHESIS Body

    tID  décalage et aller à l'état 13

    Assignment  aller à l'état 79


État 76

   20 Assignment_sugar: tID . tPLUS tPLUS
   21                 | tID . tMINUS tMINUS

    tPLUS   décalage et aller à l'état 80
    tMINUS  décalage et aller à l'état 81


État 77

   23 For: tFOR tBEGIN_PARENTHESIS Assignment Expr tEND_OF_INSTRUCTION Assignment_sugar . tEND_PARENTHESIS Body

    tEND_PARENTHESIS  décalage et aller à l'état 82


État 78

   25 If: tIF tBEGIN_PARENTHESIS Expr tEND_PARENTHESIS Body tELSE Body .

    $défaut  réduction par utilisation de la règle 25 (If)


État 79

   22 For: tFOR tBEGIN_PARENTHESIS Assignment tEND_OF_INSTRUCTION Expr tEND_OF_INSTRUCTION Assignment . tEND_PARENTHESIS Body

    tEND_PARENTHESIS  décalage et aller à l'état 83


État 80

   20 Assignment_sugar: tID tPLUS . tPLUS

    tPLUS  décalage et aller à l'état 84


État 81

   21 Assignment_sugar: tID tMINUS . tMINUS

    tMINUS  décalage et aller à l'état 85


État 82

   23 For: tFOR tBEGIN_PARENTHESIS Assignment Expr tEND_OF_INSTRUCTION Assignment_sugar tEND_PARENTHESIS . Body

    tBEGIN_BLOCK  décalage et aller à l'état 7

    Body  aller à l'état 86


État 83

   22 For: tFOR tBEGIN_PARENTHESIS Assignment tEND_OF_INSTRUCTION Expr tEND_OF_INSTRUCTION Assignment tEND_PARENTHESIS . Body

    tBEGIN_BLOCK  décalage et aller à l'état 7

    Body  aller à l'état 87


État 84

   20 Assignment_sugar: tID tPLUS tPLUS .

    $défaut  réduction par utilisation de la règle 20 (Assignment_sugar)


État 85

   21 Assignment_sugar: tID tMINUS tMINUS .

    $défaut  réduction par utilisation de la règle 21 (Assignment_sugar)


État 86

   23 For: tFOR tBEGIN_PARENTHESIS Assignment Expr tEND_OF_INSTRUCTION Assignment_sugar tEND_PARENTHESIS Body .

    $défaut  réduction par utilisation de la règle 23 (For)


État 87

   22 For: tFOR tBEGIN_PARENTHESIS Assignment tEND_OF_INSTRUCTION Expr tEND_OF_INSTRUCTION Assignment tEND_PARENTHESIS Body .

    $défaut  réduction par utilisation de la règle 22 (For)
